SF:lib/main.dart
DA:14,0
LF:1
LH:1
end_of_record
SF:lib/tiki_sdk_flutter.dart
DA:93,1
DA:102,1
DA:105,2
DA:111,1
DA:112,2
DA:121,1
DA:124,2
DA:131,1
DA:134,2
LF:9
LH:9
end_of_record
SF:lib/tiki_sdk_flutter_builder.dart
DA:63,0
DA:66,2
DA:69,2
DA:74,0
DA:77,1
DA:78,1
DA:79,3
DA:80,2
DA:81,2
DA:82,2
DA:83,2
DA:84,1
DA:85,2
DA:86,1
DA:90,1
DA:91,1
DA:92,1
DA:93,0
DA:95,1
LF:19
LH:16
end_of_record
SF:lib/tiki_sdk_flutter_platform.dart
DA:23,0
DA:33,0
DA:34,0
DA:35,0
DA:36,0
DA:38,0
DA:39,0
DA:40,0
DA:41,0
DA:42,0
DA:43,0
DA:44,0
DA:46,0
DA:49,0
DA:51,0
DA:53,0
DA:54,0
DA:55,0
DA:56,0
DA:57,0
DA:58,0
DA:60,0
DA:63,0
DA:65,0
DA:66,0
DA:68,0
DA:70,0
DA:71,0
DA:73,0
DA:74,0
DA:77,0
DA:80,0
DA:82,0
DA:84,0
DA:85,0
DA:86,0
DA:88,0
DA:89,0
DA:92,0
DA:93,0
DA:95,0
DA:98,0
DA:100,0
DA:102,0
DA:103,0
DA:104,0
DA:105,0
DA:107,0
DA:111,0
DA:115,0
DA:116,0
DA:117,0
DA:119,0
DA:120,0
LF:54
LH:54
end_of_record
SF:lib/utils/flutter_key_storage.dart
DA:18,1
DA:20,2
DA:22,1
DA:24,2
LF:4
LH:4
end_of_record
